Build output check failed:
    Regex: 'command[- ]line option .* is valid for .* but not for C'
    Output line: 'cc1: warning: command-line option ‘-Wnon-virtual-dtor’ is valid for C++/ObjC++ but not for C'
Compilation failed:
    source file: '/home/edi/Desktop/Surveillance System/Webserver/build/CMakeFiles/CMakeTmp/src.c'
    check option: ' -fsigned-char -W -Wall -Wreturn-type  -Wnon-virtual-dtor'
===== BUILD LOG =====
Change Dir: /home/edi/Desktop/Surveillance System/Webserver/build/CMakeFiles/CMakeTmp

Run Build Command(s):/usr/bin/gmake cmTC_c8635/fast && /usr/bin/gmake  -f CMakeFiles/cmTC_c8635.dir/build.make CMakeFiles/cmTC_c8635.dir/build
gmake[1]: Entering directory '/home/edi/Desktop/Surveillance System/Webserver/build/CMakeFiles/CMakeTmp'
Building C object CMakeFiles/cmTC_c8635.dir/src.c.o
/usr/bin/cc   -O3 -DNDEBUG -fPIE    -fsigned-char -W -Wall -Wreturn-type  -Wnon-virtual-dtor -o CMakeFiles/cmTC_c8635.dir/src.c.o -c "/home/edi/Desktop/Surveillance System/Webserver/build/CMakeFiles/CMakeTmp/src.c"
cc1: warning: command-line option ‘-Wnon-virtual-dtor’ is valid for C++/ObjC++ but not for C
/home/edi/Desktop/Surveillance System/Webserver/build/CMakeFiles/CMakeTmp/src.c:1: warning: ignoring ‘#pragma  ’ [-Wunknown-pragmas]
    1 | #pragma
      | 
Linking C executable cmTC_c8635
/usr/bin/cmake -E cmake_link_script CMakeFiles/cmTC_c8635.dir/link.txt --verbose=1
/usr/bin/cc -O3 -DNDEBUG CMakeFiles/cmTC_c8635.dir/src.c.o -o cmTC_c8635 
gmake[1]: Leaving directory '/home/edi/Desktop/Surveillance System/Webserver/build/CMakeFiles/CMakeTmp'


===== END =====

Build output check failed:
    Regex: 'command[- ]line option .* is valid for .* but not for C\+\+'
    Output line: 'cc1plus: warning: command-line option ‘-Wmissing-prototypes’ is valid for C/ObjC but not for C++'
Compilation failed:
    source file: '/home/edi/Desktop/Surveillance System/Webserver/build/CMakeFiles/CMakeTmp/src.cxx'
    check option: ' -fsigned-char -W -Wall -Wreturn-type -Wnon-virtual-dtor -Waddress -Wsequence-point -Wformat -Wformat-security -Wmissing-declarations  -Wmissing-prototypes'
===== BUILD LOG =====
Change Dir: /home/edi/Desktop/Surveillance System/Webserver/build/CMakeFiles/CMakeTmp

Run Build Command(s):/usr/bin/gmake cmTC_2abc4/fast && /usr/bin/gmake  -f CMakeFiles/cmTC_2abc4.dir/build.make CMakeFiles/cmTC_2abc4.dir/build
gmake[1]: Entering directory '/home/edi/Desktop/Surveillance System/Webserver/build/CMakeFiles/CMakeTmp'
Building CXX object CMakeFiles/cmTC_2abc4.dir/src.cxx.o
/usr/bin/c++   -O3 -DNDEBUG -fPIE    -fsigned-char -W -Wall -Wreturn-type -Wnon-virtual-dtor -Waddress -Wsequence-point -Wformat -Wformat-security -Wmissing-declarations  -Wmissing-prototypes -std=c++11 -o CMakeFiles/cmTC_2abc4.dir/src.cxx.o -c "/home/edi/Desktop/Surveillance System/Webserver/build/CMakeFiles/CMakeTmp/src.cxx"
cc1plus: warning: command-line option ‘-Wmissing-prototypes’ is valid for C/ObjC but not for C++
/home/edi/Desktop/Surveillance System/Webserver/build/CMakeFiles/CMakeTmp/src.cxx:1: warning: ignoring ‘#pragma  ’ [-Wunknown-pragmas]
    1 | #pragma
      | 
Linking CXX executable cmTC_2abc4
/usr/bin/cmake -E cmake_link_script CMakeFiles/cmTC_2abc4.dir/link.txt --verbose=1
/usr/bin/c++ -O3 -DNDEBUG CMakeFiles/cmTC_2abc4.dir/src.cxx.o -o cmTC_2abc4 
gmake[1]: Leaving directory '/home/edi/Desktop/Surveillance System/Webserver/build/CMakeFiles/CMakeTmp'


===== END =====

Build output check failed:
    Regex: 'command[- ]line option .* is valid for .* but not for C\+\+'
    Output line: 'cc1plus: warning: command-line option ‘-Wstrict-prototypes’ is valid for C/ObjC but not for C++'
Compilation failed:
    source file: '/home/edi/Desktop/Surveillance System/Webserver/build/CMakeFiles/CMakeTmp/src.cxx'
    check option: ' -fsigned-char -W -Wall -Wreturn-type -Wnon-virtual-dtor -Waddress -Wsequence-point -Wformat -Wformat-security -Wmissing-declarations  -Wstrict-prototypes'
===== BUILD LOG =====
Change Dir: /home/edi/Desktop/Surveillance System/Webserver/build/CMakeFiles/CMakeTmp

Run Build Command(s):/usr/bin/gmake cmTC_cd50f/fast && /usr/bin/gmake  -f CMakeFiles/cmTC_cd50f.dir/build.make CMakeFiles/cmTC_cd50f.dir/build
gmake[1]: Entering directory '/home/edi/Desktop/Surveillance System/Webserver/build/CMakeFiles/CMakeTmp'
Building CXX object CMakeFiles/cmTC_cd50f.dir/src.cxx.o
/usr/bin/c++   -O3 -DNDEBUG -fPIE    -fsigned-char -W -Wall -Wreturn-type -Wnon-virtual-dtor -Waddress -Wsequence-point -Wformat -Wformat-security -Wmissing-declarations  -Wstrict-prototypes -std=c++11 -o CMakeFiles/cmTC_cd50f.dir/src.cxx.o -c "/home/edi/Desktop/Surveillance System/Webserver/build/CMakeFiles/CMakeTmp/src.cxx"
cc1plus: warning: command-line option ‘-Wstrict-prototypes’ is valid for C/ObjC but not for C++
/home/edi/Desktop/Surveillance System/Webserver/build/CMakeFiles/CMakeTmp/src.cxx:1: warning: ignoring ‘#pragma  ’ [-Wunknown-pragmas]
    1 | #pragma
      | 
Linking CXX executable cmTC_cd50f
/usr/bin/cmake -E cmake_link_script CMakeFiles/cmTC_cd50f.dir/link.txt --verbose=1
/usr/bin/c++ -O3 -DNDEBUG CMakeFiles/cmTC_cd50f.dir/src.cxx.o -o cmTC_cd50f 
gmake[1]: Leaving directory '/home/edi/Desktop/Surveillance System/Webserver/build/CMakeFiles/CMakeTmp'


===== END =====

Build output check failed:
    Regex: 'command[- ]line option .* is valid for .* but not for C'
    Output line: 'cc1: warning: command-line option ‘-Wsign-promo’ is valid for C++/ObjC++ but not for C'
Compilation failed:
    source file: '/home/edi/Desktop/Surveillance System/Webserver/build/CMakeFiles/CMakeTmp/src.c'
    check option: ' -fsigned-char -W -Wall -Wreturn-type -Waddress -Wsequence-point -Wformat -Wformat-security -Wmissing-declarations -Wmissing-prototypes -Wstrict-prototypes -Wundef -Winit-self -Wpointer-arith -Wshadow  -Wsign-promo'
===== BUILD LOG =====
Change Dir: /home/edi/Desktop/Surveillance System/Webserver/build/CMakeFiles/CMakeTmp

Run Build Command(s):/usr/bin/gmake cmTC_f59c0/fast && /usr/bin/gmake  -f CMakeFiles/cmTC_f59c0.dir/build.make CMakeFiles/cmTC_f59c0.dir/build
gmake[1]: Entering directory '/home/edi/Desktop/Surveillance System/Webserver/build/CMakeFiles/CMakeTmp'
Building C object CMakeFiles/cmTC_f59c0.dir/src.c.o
/usr/bin/cc   -O3 -DNDEBUG -fPIE    -fsigned-char -W -Wall -Wreturn-type -Waddress -Wsequence-point -Wformat -Wformat-security -Wmissing-declarations -Wmissing-prototypes -Wstrict-prototypes -Wundef -Winit-self -Wpointer-arith -Wshadow  -Wsign-promo -o CMakeFiles/cmTC_f59c0.dir/src.c.o -c "/home/edi/Desktop/Surveillance System/Webserver/build/CMakeFiles/CMakeTmp/src.c"
cc1: warning: command-line option ‘-Wsign-promo’ is valid for C++/ObjC++ but not for C
/home/edi/Desktop/Surveillance System/Webserver/build/CMakeFiles/CMakeTmp/src.c:1: warning: ignoring ‘#pragma  ’ [-Wunknown-pragmas]
    1 | #pragma
      | 
Linking C executable cmTC_f59c0
/usr/bin/cmake -E cmake_link_script CMakeFiles/cmTC_f59c0.dir/link.txt --verbose=1
/usr/bin/cc -O3 -DNDEBUG CMakeFiles/cmTC_f59c0.dir/src.c.o -o cmTC_f59c0 
gmake[1]: Leaving directory '/home/edi/Desktop/Surveillance System/Webserver/build/CMakeFiles/CMakeTmp'


===== END =====

Build output check failed:
    Regex: 'command[- ]line option .* is valid for .* but not for C'
    Output line: 'cc1: warning: command-line option ‘-Wsuggest-override’ is valid for C++/ObjC++ but not for C'
Compilation failed:
    source file: '/home/edi/Desktop/Surveillance System/Webserver/build/CMakeFiles/CMakeTmp/src.c'
    check option: ' -fsigned-char -W -Wall -Wreturn-type -Waddress -Wsequence-point -Wformat -Wformat-security -Wmissing-declarations -Wmissing-prototypes -Wstrict-prototypes -Wundef -Winit-self -Wpointer-arith -Wshadow -Wuninitialized -Wno-psabi  -Wsuggest-override'
===== BUILD LOG =====
Change Dir: /home/edi/Desktop/Surveillance System/Webserver/build/CMakeFiles/CMakeTmp

Run Build Command(s):/usr/bin/gmake cmTC_4c2c6/fast && /usr/bin/gmake  -f CMakeFiles/cmTC_4c2c6.dir/build.make CMakeFiles/cmTC_4c2c6.dir/build
gmake[1]: Entering directory '/home/edi/Desktop/Surveillance System/Webserver/build/CMakeFiles/CMakeTmp'
Building C object CMakeFiles/cmTC_4c2c6.dir/src.c.o
/usr/bin/cc   -O3 -DNDEBUG -fPIE    -fsigned-char -W -Wall -Wreturn-type -Waddress -Wsequence-point -Wformat -Wformat-security -Wmissing-declarations -Wmissing-prototypes -Wstrict-prototypes -Wundef -Winit-self -Wpointer-arith -Wshadow -Wuninitialized -Wno-psabi  -Wsuggest-override -o CMakeFiles/cmTC_4c2c6.dir/src.c.o -c "/home/edi/Desktop/Surveillance System/Webserver/build/CMakeFiles/CMakeTmp/src.c"
cc1: warning: command-line option ‘-Wsuggest-override’ is valid for C++/ObjC++ but not for C
/home/edi/Desktop/Surveillance System/Webserver/build/CMakeFiles/CMakeTmp/src.c:1: warning: ignoring ‘#pragma  ’ [-Wunknown-pragmas]
    1 | #pragma
      | 
Linking C executable cmTC_4c2c6
/usr/bin/cmake -E cmake_link_script CMakeFiles/cmTC_4c2c6.dir/link.txt --verbose=1
/usr/bin/cc -O3 -DNDEBUG CMakeFiles/cmTC_4c2c6.dir/src.c.o -o cmTC_4c2c6 
gmake[1]: Leaving directory '/home/edi/Desktop/Surveillance System/Webserver/build/CMakeFiles/CMakeTmp'


===== END =====

Build output check failed:
    Regex: 'command[- ]line option .* is valid for .* but not for C'
    Output line: 'cc1: warning: command-line option ‘-Wno-delete-non-virtual-dtor’ is valid for C++/ObjC++ but not for C'
Compilation failed:
    source file: '/home/edi/Desktop/Surveillance System/Webserver/build/CMakeFiles/CMakeTmp/src.c'
    check option: ' -fsigned-char -W -Wall -Wreturn-type -Waddress -Wsequence-point -Wformat -Wformat-security -Wmissing-declarations -Wmissing-prototypes -Wstrict-prototypes -Wundef -Winit-self -Wpointer-arith -Wshadow -Wuninitialized -Wno-psabi  -Wno-delete-non-virtual-dtor'
===== BUILD LOG =====
Change Dir: /home/edi/Desktop/Surveillance System/Webserver/build/CMakeFiles/CMakeTmp

Run Build Command(s):/usr/bin/gmake cmTC_1182c/fast && /usr/bin/gmake  -f CMakeFiles/cmTC_1182c.dir/build.make CMakeFiles/cmTC_1182c.dir/build
gmake[1]: Entering directory '/home/edi/Desktop/Surveillance System/Webserver/build/CMakeFiles/CMakeTmp'
Building C object CMakeFiles/cmTC_1182c.dir/src.c.o
/usr/bin/cc   -O3 -DNDEBUG -fPIE    -fsigned-char -W -Wall -Wreturn-type -Waddress -Wsequence-point -Wformat -Wformat-security -Wmissing-declarations -Wmissing-prototypes -Wstrict-prototypes -Wundef -Winit-self -Wpointer-arith -Wshadow -Wuninitialized -Wno-psabi  -Wno-delete-non-virtual-dtor -o CMakeFiles/cmTC_1182c.dir/src.c.o -c "/home/edi/Desktop/Surveillance System/Webserver/build/CMakeFiles/CMakeTmp/src.c"
cc1: warning: command-line option ‘-Wno-delete-non-virtual-dtor’ is valid for C++/ObjC++ but not for C
/home/edi/Desktop/Surveillance System/Webserver/build/CMakeFiles/CMakeTmp/src.c:1: warning: ignoring ‘#pragma  ’ [-Wunknown-pragmas]
    1 | #pragma
      | 
Linking C executable cmTC_1182c
/usr/bin/cmake -E cmake_link_script CMakeFiles/cmTC_1182c.dir/link.txt --verbose=1
/usr/bin/cc -O3 -DNDEBUG CMakeFiles/cmTC_1182c.dir/src.c.o -o cmTC_1182c 
gmake[1]: Leaving directory '/home/edi/Desktop/Surveillance System/Webserver/build/CMakeFiles/CMakeTmp'


===== END =====

Build output check failed:
    Regex: 'unrecognized .*option'
    Output line: 'cc1plus: note: unrecognized command-line option ‘-Wno-unnamed-type-template-args’ may have been intended to silence earlier diagnostics'
Compilation failed:
    source file: '/home/edi/Desktop/Surveillance System/Webserver/build/CMakeFiles/CMakeTmp/src.cxx'
    check option: ' -fsigned-char -W -Wall -Wreturn-type -Wnon-virtual-dtor -Waddress -Wsequence-point -Wformat -Wformat-security -Wmissing-declarations -Wundef -Winit-self -Wpointer-arith -Wshadow -Wsign-promo -Wuninitialized -Wno-psabi -Wsuggest-override -Wno-delete-non-virtual-dtor  -Wno-unnamed-type-template-args'
===== BUILD LOG =====
Change Dir: /home/edi/Desktop/Surveillance System/Webserver/build/CMakeFiles/CMakeTmp

Run Build Command(s):/usr/bin/gmake cmTC_08a26/fast && /usr/bin/gmake  -f CMakeFiles/cmTC_08a26.dir/build.make CMakeFiles/cmTC_08a26.dir/build
gmake[1]: Entering directory '/home/edi/Desktop/Surveillance System/Webserver/build/CMakeFiles/CMakeTmp'
Building CXX object CMakeFiles/cmTC_08a26.dir/src.cxx.o
/usr/bin/c++   -O3 -DNDEBUG -fPIE    -fsigned-char -W -Wall -Wreturn-type -Wnon-virtual-dtor -Waddress -Wsequence-point -Wformat -Wformat-security -Wmissing-declarations -Wundef -Winit-self -Wpointer-arith -Wshadow -Wsign-promo -Wuninitialized -Wno-psabi -Wsuggest-override -Wno-delete-non-virtual-dtor  -Wno-unnamed-type-template-args -std=c++11 -o CMakeFiles/cmTC_08a26.dir/src.cxx.o -c "/home/edi/Desktop/Surveillance System/Webserver/build/CMakeFiles/CMakeTmp/src.cxx"
/home/edi/Desktop/Surveillance System/Webserver/build/CMakeFiles/CMakeTmp/src.cxx:1: warning: ignoring ‘#pragma  ’ [-Wunknown-pragmas]
    1 | #pragma
      | 
cc1plus: note: unrecognized command-line option ‘-Wno-unnamed-type-template-args’ may have been intended to silence earlier diagnostics
Linking CXX executable cmTC_08a26
/usr/bin/cmake -E cmake_link_script CMakeFiles/cmTC_08a26.dir/link.txt --verbose=1
/usr/bin/c++ -O3 -DNDEBUG CMakeFiles/cmTC_08a26.dir/src.cxx.o -o cmTC_08a26 
gmake[1]: Leaving directory '/home/edi/Desktop/Surveillance System/Webserver/build/CMakeFiles/CMakeTmp'


===== END =====

Build output check failed:
    Regex: 'unrecognized .*option'
    Output line: 'cc1: note: unrecognized command-line option ‘-Wno-unnamed-type-template-args’ may have been intended to silence earlier diagnostics'
Compilation failed:
    source file: '/home/edi/Desktop/Surveillance System/Webserver/build/CMakeFiles/CMakeTmp/src.c'
    check option: ' -fsigned-char -W -Wall -Wreturn-type -Waddress -Wsequence-point -Wformat -Wformat-security -Wmissing-declarations -Wmissing-prototypes -Wstrict-prototypes -Wundef -Winit-self -Wpointer-arith -Wshadow -Wuninitialized -Wno-psabi  -Wno-unnamed-type-template-args'
===== BUILD LOG =====
Change Dir: /home/edi/Desktop/Surveillance System/Webserver/build/CMakeFiles/CMakeTmp

Run Build Command(s):/usr/bin/gmake cmTC_47347/fast && /usr/bin/gmake  -f CMakeFiles/cmTC_47347.dir/build.make CMakeFiles/cmTC_47347.dir/build
gmake[1]: Entering directory '/home/edi/Desktop/Surveillance System/Webserver/build/CMakeFiles/CMakeTmp'
Building C object CMakeFiles/cmTC_47347.dir/src.c.o
/usr/bin/cc   -O3 -DNDEBUG -fPIE    -fsigned-char -W -Wall -Wreturn-type -Waddress -Wsequence-point -Wformat -Wformat-security -Wmissing-declarations -Wmissing-prototypes -Wstrict-prototypes -Wundef -Winit-self -Wpointer-arith -Wshadow -Wuninitialized -Wno-psabi  -Wno-unnamed-type-template-args -o CMakeFiles/cmTC_47347.dir/src.c.o -c "/home/edi/Desktop/Surveillance System/Webserver/build/CMakeFiles/CMakeTmp/src.c"
/home/edi/Desktop/Surveillance System/Webserver/build/CMakeFiles/CMakeTmp/src.c:1: warning: ignoring ‘#pragma  ’ [-Wunknown-pragmas]
    1 | #pragma
      | 
cc1: note: unrecognized command-line option ‘-Wno-unnamed-type-template-args’ may have been intended to silence earlier diagnostics
Linking C executable cmTC_47347
/usr/bin/cmake -E cmake_link_script CMakeFiles/cmTC_47347.dir/link.txt --verbose=1
/usr/bin/cc -O3 -DNDEBUG CMakeFiles/cmTC_47347.dir/src.c.o -o cmTC_47347 
gmake[1]: Leaving directory '/home/edi/Desktop/Surveillance System/Webserver/build/CMakeFiles/CMakeTmp'


===== END =====

Compilation failed:
    source file: '/home/edi/Desktop/Surveillance System/Webserver/opencv/cmake/checks/cpu_neon.cpp'
    check option: ''
===== BUILD LOG =====
Change Dir: /home/edi/Desktop/Surveillance System/Webserver/build/CMakeFiles/CMakeTmp

Run Build Command(s):/usr/bin/gmake cmTC_19c7e/fast && /usr/bin/gmake  -f CMakeFiles/cmTC_19c7e.dir/build.make CMakeFiles/cmTC_19c7e.dir/build
gmake[1]: Entering directory '/home/edi/Desktop/Surveillance System/Webserver/build/CMakeFiles/CMakeTmp'
Building CXX object CMakeFiles/cmTC_19c7e.dir/cpu_neon.cpp.o
/usr/bin/c++   -O3 -DNDEBUG -fPIE -std=c++11 -o CMakeFiles/cmTC_19c7e.dir/cpu_neon.cpp.o -c "/home/edi/Desktop/Surveillance System/Webserver/opencv/cmake/checks/cpu_neon.cpp"
/home/edi/Desktop/Surveillance System/Webserver/opencv/cmake/checks/cpu_neon.cpp:25:2: error: #error "NEON is not supported"
   25 | #error "NEON is not supported"
      |  ^~~~~
/home/edi/Desktop/Surveillance System/Webserver/opencv/cmake/checks/cpu_neon.cpp:14:30: error: ‘uint8x16_t’ does not name a type
   14 | void test_aliased_type(const uint8x16_t& a) { }
      |                              ^~~~~~~~~~
/home/edi/Desktop/Surveillance System/Webserver/opencv/cmake/checks/cpu_neon.cpp:15:30: error: ‘int8x16_t’ does not name a type
   15 | void test_aliased_type(const int8x16_t& a) { }
      |                              ^~~~~~~~~
/home/edi/Desktop/Surveillance System/Webserver/opencv/cmake/checks/cpu_neon.cpp:15:6: error: redefinition of ‘void test_aliased_type(const int&)’
   15 | void test_aliased_type(const int8x16_t& a) { }
      |      ^~~~~~~~~~~~~~~~~
/home/edi/Desktop/Surveillance System/Webserver/opencv/cmake/checks/cpu_neon.cpp:14:6: note: ‘void test_aliased_type(const int&)’ previously defined here
   14 | void test_aliased_type(const uint8x16_t& a) { }
      |      ^~~~~~~~~~~~~~~~~
/home/edi/Desktop/Surveillance System/Webserver/opencv/cmake/checks/cpu_neon.cpp: In function ‘int main()’:
/home/edi/Desktop/Surveillance System/Webserver/opencv/cmake/checks/cpu_neon.cpp:30:18: error: ‘test’ was not declared in this scope
   30 |   printf("%d\n", test());
      |                  ^~~~
gmake[1]: *** [CMakeFiles/cmTC_19c7e.dir/build.make:85: CMakeFiles/cmTC_19c7e.dir/cpu_neon.cpp.o] Error 1
gmake[1]: Leaving directory '/home/edi/Desktop/Surveillance System/Webserver/build/CMakeFiles/CMakeTmp'
gmake: *** [Makefile:140: cmTC_19c7e/fast] Error 2


===== END =====

Compilation failed:
    source file: '/home/edi/Desktop/Surveillance System/Webserver/opencv/cmake/checks/cpu_fp16.cpp'
    check option: ''
===== BUILD LOG =====
Change Dir: /home/edi/Desktop/Surveillance System/Webserver/build/CMakeFiles/CMakeTmp

Run Build Command(s):/usr/bin/gmake cmTC_66fba/fast && /usr/bin/gmake  -f CMakeFiles/cmTC_66fba.dir/build.make CMakeFiles/cmTC_66fba.dir/build
gmake[1]: Entering directory '/home/edi/Desktop/Surveillance System/Webserver/build/CMakeFiles/CMakeTmp'
Building CXX object CMakeFiles/cmTC_66fba.dir/cpu_fp16.cpp.o
/usr/bin/c++   -O3 -DNDEBUG -fPIE -std=c++11 -o CMakeFiles/cmTC_66fba.dir/cpu_fp16.cpp.o -c "/home/edi/Desktop/Surveillance System/Webserver/opencv/cmake/checks/cpu_fp16.cpp"
/home/edi/Desktop/Surveillance System/Webserver/opencv/cmake/checks/cpu_fp16.cpp: In function ‘int test()’:
/home/edi/Desktop/Surveillance System/Webserver/opencv/cmake/checks/cpu_fp16.cpp:21:5: error: ‘float16x4_t’ was not declared in this scope; did you mean ‘bfloat16x4_t’?
   21 |     float16x4_t v_dst = vcvt_f16_f32(v_src);
      |     ^~~~~~~~~~~
      |     bfloat16x4_t
/home/edi/Desktop/Surveillance System/Webserver/opencv/cmake/checks/cpu_fp16.cpp:22:19: error: expected primary-expression before ‘)’ token
   22 |     *(float16x4_t*)dst = v_dst;
      |                   ^
gmake[1]: *** [CMakeFiles/cmTC_66fba.dir/build.make:85: CMakeFiles/cmTC_66fba.dir/cpu_fp16.cpp.o] Error 1
gmake[1]: Leaving directory '/home/edi/Desktop/Surveillance System/Webserver/build/CMakeFiles/CMakeTmp'
gmake: *** [Makefile:140: cmTC_66fba/fast] Error 2


===== END =====

Build output check failed:
    Regex: 'command[- ]line option .* is valid for .* but not for C'
    Output line: 'cc1: warning: command-line option ‘-fvisibility-inlines-hidden’ is valid for C++/ObjC++ but not for C'
Compilation failed:
    source file: '/home/edi/Desktop/Surveillance System/Webserver/build/CMakeFiles/CMakeTmp/src.c'
    check option: ' -fsigned-char -W -Wall -Wreturn-type -Waddress -Wsequence-point -Wformat -Wformat-security -Wmissing-declarations -Wmissing-prototypes -Wstrict-prototypes -Wundef -Winit-self -Wpointer-arith -Wshadow -Wuninitialized -Wno-psabi -Wno-comment -Wimplicit-fallthrough=3 -Wno-strict-overflow -fdiagnostics-show-option -pthread -fomit-frame-pointer -ffunction-sections -fdata-sections  -fvisibility=hidden  -fvisibility-inlines-hidden'
===== BUILD LOG =====
Change Dir: /home/edi/Desktop/Surveillance System/Webserver/build/CMakeFiles/CMakeTmp

Run Build Command(s):/usr/bin/gmake cmTC_75766/fast && /usr/bin/gmake  -f CMakeFiles/cmTC_75766.dir/build.make CMakeFiles/cmTC_75766.dir/build
gmake[1]: Entering directory '/home/edi/Desktop/Surveillance System/Webserver/build/CMakeFiles/CMakeTmp'
Building C object CMakeFiles/cmTC_75766.dir/src.c.o
/usr/bin/cc   -O3 -DNDEBUG -fPIE    -fsigned-char -W -Wall -Wreturn-type -Waddress -Wsequence-point -Wformat -Wformat-security -Wmissing-declarations -Wmissing-prototypes -Wstrict-prototypes -Wundef -Winit-self -Wpointer-arith -Wshadow -Wuninitialized -Wno-psabi -Wno-comment -Wimplicit-fallthrough=3 -Wno-strict-overflow -fdiagnostics-show-option -pthread -fomit-frame-pointer -ffunction-sections -fdata-sections  -fvisibility=hidden  -fvisibility-inlines-hidden -o CMakeFiles/cmTC_75766.dir/src.c.o -c "/home/edi/Desktop/Surveillance System/Webserver/build/CMakeFiles/CMakeTmp/src.c"
cc1: warning: command-line option ‘-fvisibility-inlines-hidden’ is valid for C++/ObjC++ but not for C
/home/edi/Desktop/Surveillance System/Webserver/build/CMakeFiles/CMakeTmp/src.c:1: warning: ignoring ‘#pragma  ’ [-Wunknown-pragmas]
    1 | #pragma
      | 
Linking C executable cmTC_75766
/usr/bin/cmake -E cmake_link_script CMakeFiles/cmTC_75766.dir/link.txt --verbose=1
/usr/bin/cc -O3 -DNDEBUG CMakeFiles/cmTC_75766.dir/src.c.o -o cmTC_75766 
gmake[1]: Leaving directory '/home/edi/Desktop/Surveillance System/Webserver/build/CMakeFiles/CMakeTmp'


===== END =====

Build output check failed:
    Regex: 'unrecognized .*option'
    Output line: 'cc1: note: unrecognized command-line option ‘-Wno-shorten-64-to-32’ may have been intended to silence earlier diagnostics'
Compilation failed:
    source file: '/home/edi/Desktop/Surveillance System/Webserver/build/CMakeFiles/CMakeTmp/src.c'
    check option: ' -Wno-shorten-64-to-32'
===== BUILD LOG =====
Change Dir: /home/edi/Desktop/Surveillance System/Webserver/build/CMakeFiles/CMakeTmp

Run Build Command(s):/usr/bin/gmake cmTC_f2d4e/fast && /usr/bin/gmake  -f CMakeFiles/cmTC_f2d4e.dir/build.make CMakeFiles/cmTC_f2d4e.dir/build
gmake[1]: Entering directory '/home/edi/Desktop/Surveillance System/Webserver/build/CMakeFiles/CMakeTmp'
Building C object CMakeFiles/cmTC_f2d4e.dir/src.c.o
/usr/bin/cc   -fsigned-char -W -Wall -Wreturn-type -Waddress -Wsequence-point -Wformat -Wformat-security -Wmissing-declarations -Wmissing-prototypes -Wstrict-prototypes -Wundef -Winit-self -Wpointer-arith -Wshadow -Wuninitialized -Wno-psabi -Wno-comment -Wimplicit-fallthrough=3 -Wno-strict-overflow -fdiagnostics-show-option -pthread -fomit-frame-pointer -ffunction-sections -fdata-sections  -fvisibility=hidden -Wno-unused-parameter -Wno-sign-compare  -O3 -DNDEBUG  -DNDEBUG -fPIE    -Wno-shorten-64-to-32 -o CMakeFiles/cmTC_f2d4e.dir/src.c.o -c "/home/edi/Desktop/Surveillance System/Webserver/build/CMakeFiles/CMakeTmp/src.c"
/home/edi/Desktop/Surveillance System/Webserver/build/CMakeFiles/CMakeTmp/src.c:1: warning: ignoring ‘#pragma  ’ [-Wunknown-pragmas]
    1 | #pragma
      | 
cc1: note: unrecognized command-line option ‘-Wno-shorten-64-to-32’ may have been intended to silence earlier diagnostics
Linking C executable cmTC_f2d4e
/usr/bin/cmake -E cmake_link_script CMakeFiles/cmTC_f2d4e.dir/link.txt --verbose=1
/usr/bin/cc    -fsigned-char -W -Wall -Wreturn-type -Waddress -Wsequence-point -Wformat -Wformat-security -Wmissing-declarations -Wmissing-prototypes -Wstrict-prototypes -Wundef -Winit-self -Wpointer-arith -Wshadow -Wuninitialized -Wno-psabi -Wno-comment -Wimplicit-fallthrough=3 -Wno-strict-overflow -fdiagnostics-show-option -pthread -fomit-frame-pointer -ffunction-sections -fdata-sections  -fvisibility=hidden -Wno-unused-parameter -Wno-sign-compare  -O3 -DNDEBUG  -DNDEBUG   -Wl,--gc-sections -Wl,--as-needed -Wl,--no-undefined  CMakeFiles/cmTC_f2d4e.dir/src.c.o -o cmTC_f2d4e 
gmake[1]: Leaving directory '/home/edi/Desktop/Surveillance System/Webserver/build/CMakeFiles/CMakeTmp'


===== END =====

Determining if the include file io.h exists failed with the following output:
Change Dir: /home/edi/Desktop/Surveillance System/Webserver/build/CMakeFiles/CMakeTmp

Run Build Command(s):/usr/bin/gmake cmTC_5072c/fast && /usr/bin/gmake  -f CMakeFiles/cmTC_5072c.dir/build.make CMakeFiles/cmTC_5072c.dir/build
gmake[1]: Entering directory '/home/edi/Desktop/Surveillance System/Webserver/build/CMakeFiles/CMakeTmp'
Building C object CMakeFiles/cmTC_5072c.dir/CheckIncludeFile.c.o
/usr/bin/cc   -fsigned-char -W -Wall -Wreturn-type -Waddress -Wsequence-point -Wformat -Wformat-security -Wmissing-declarations -Wmissing-prototypes -Wstrict-prototypes -Wundef -Winit-self -Wpointer-arith -Wshadow -Wuninitialized -Wno-psabi -Wno-comment -Wimplicit-fallthrough=3 -Wno-strict-overflow -fdiagnostics-show-option -pthread -fomit-frame-pointer -ffunction-sections -fdata-sections  -fvisibility=hidden  -O3 -DNDEBUG  -DNDEBUG -fPIE -o CMakeFiles/cmTC_5072c.dir/CheckIncludeFile.c.o -c "/home/edi/Desktop/Surveillance System/Webserver/build/CMakeFiles/CMakeTmp/CheckIncludeFile.c"
/home/edi/Desktop/Surveillance System/Webserver/build/CMakeFiles/CMakeTmp/CheckIncludeFile.c:1:10: fatal error: io.h: No such file or directory
    1 | #include <io.h>
      |          ^~~~~~
compilation terminated.
gmake[1]: *** [CMakeFiles/cmTC_5072c.dir/build.make:85: CMakeFiles/cmTC_5072c.dir/CheckIncludeFile.c.o] Error 1
gmake[1]: Leaving directory '/home/edi/Desktop/Surveillance System/Webserver/build/CMakeFiles/CMakeTmp'
gmake: *** [Makefile:140: cmTC_5072c/fast] Error 2



Determining size of INT8 failed with the following output:
Change Dir: /home/edi/Desktop/Surveillance System/Webserver/build/CMakeFiles/CMakeTmp

Run Build Command(s):/usr/bin/gmake cmTC_f151b/fast && /usr/bin/gmake  -f CMakeFiles/cmTC_f151b.dir/build.make CMakeFiles/cmTC_f151b.dir/build
gmake[1]: Entering directory '/home/edi/Desktop/Surveillance System/Webserver/build/CMakeFiles/CMakeTmp'
Building C object CMakeFiles/cmTC_f151b.dir/int8.c.o
/usr/bin/cc   -fsigned-char -W -Wall -Wreturn-type -Waddress -Wsequence-point -Wformat -Wformat-security -Wmissing-declarations -Wmissing-prototypes -Wstrict-prototypes -Wundef -Winit-self -Wpointer-arith -Wshadow -Wuninitialized -Wno-psabi -Wno-comment -Wimplicit-fallthrough=3 -Wno-strict-overflow -fdiagnostics-show-option -pthread -fomit-frame-pointer -ffunction-sections -fdata-sections  -fvisibility=hidden  -O3 -DNDEBUG  -DNDEBUG -fPIE -o CMakeFiles/cmTC_f151b.dir/int8.c.o -c "/home/edi/Desktop/Surveillance System/Webserver/build/CMakeFiles/CheckTypeSize/int8.c"
/home/edi/Desktop/Surveillance System/Webserver/build/CMakeFiles/CheckTypeSize/int8.c:27:22: error: ‘INT8’ undeclared here (not in a function); did you mean ‘INT8_C’?
   27 | #define SIZE (sizeof(INT8))
      |                      ^~~~
/home/edi/Desktop/Surveillance System/Webserver/build/CMakeFiles/CheckTypeSize/int8.c:29:12: note: in expansion of macro ‘SIZE’
   29 |   ('0' + ((SIZE / 10000)%10)),
      |            ^~~~
gmake[1]: *** [CMakeFiles/cmTC_f151b.dir/build.make:85: CMakeFiles/cmTC_f151b.dir/int8.c.o] Error 1
gmake[1]: Leaving directory '/home/edi/Desktop/Surveillance System/Webserver/build/CMakeFiles/CMakeTmp'
gmake: *** [Makefile:140: cmTC_f151b/fast] Error 2


/home/edi/Desktop/Surveillance System/Webserver/build/CMakeFiles/CheckTypeSize/int8.c:
#include <sys/types.h>
#include <stdint.h>
#include <stddef.h>


#undef KEY
#if defined(__i386)
# define KEY '_','_','i','3','8','6'
#elif defined(__x86_64)
# define KEY '_','_','x','8','6','_','6','4'
#elif defined(__PPC64__)
# define KEY '_','_','P','P','C','6','4','_','_'
#elif defined(__ppc64__)
# define KEY '_','_','p','p','c','6','4','_','_'
#elif defined(__PPC__)
# define KEY '_','_','P','P','C','_','_'
#elif defined(__ppc__)
# define KEY '_','_','p','p','c','_','_'
#elif defined(__aarch64__)
# define KEY '_','_','a','a','r','c','h','6','4','_','_'
#elif defined(__ARM_ARCH_7A__)
# define KEY '_','_','A','R','M','_','A','R','C','H','_','7','A','_','_'
#elif defined(__ARM_ARCH_7S__)
# define KEY '_','_','A','R','M','_','A','R','C','H','_','7','S','_','_'
#endif

#define SIZE (sizeof(INT8))
static char info_size[] =  {'I', 'N', 'F', 'O', ':', 's','i','z','e','[',
  ('0' + ((SIZE / 10000)%10)),
  ('0' + ((SIZE / 1000)%10)),
  ('0' + ((SIZE / 100)%10)),
  ('0' + ((SIZE / 10)%10)),
  ('0' +  (SIZE    % 10)),
  ']',
#ifdef KEY
  ' ','k','e','y','[', KEY, ']',
#endif
  '\0'};

#ifdef __CLASSIC_C__
int main(argc, argv) int argc; char *argv[];
#else
int main(int argc, char *argv[])
#endif
{
  int require = 0;
  require += info_size[argc];
  (void)argv;
  return require;
}


Determining size of INT16 failed with the following output:
Change Dir: /home/edi/Desktop/Surveillance System/Webserver/build/CMakeFiles/CMakeTmp

Run Build Command(s):/usr/bin/gmake cmTC_2fcaf/fast && /usr/bin/gmake  -f CMakeFiles/cmTC_2fcaf.dir/build.make CMakeFiles/cmTC_2fcaf.dir/build
gmake[1]: Entering directory '/home/edi/Desktop/Surveillance System/Webserver/build/CMakeFiles/CMakeTmp'
Building C object CMakeFiles/cmTC_2fcaf.dir/int16.c.o
/usr/bin/cc   -fsigned-char -W -Wall -Wreturn-type -Waddress -Wsequence-point -Wformat -Wformat-security -Wmissing-declarations -Wmissing-prototypes -Wstrict-prototypes -Wundef -Winit-self -Wpointer-arith -Wshadow -Wuninitialized -Wno-psabi -Wno-comment -Wimplicit-fallthrough=3 -Wno-strict-overflow -fdiagnostics-show-option -pthread -fomit-frame-pointer -ffunction-sections -fdata-sections  -fvisibility=hidden  -O3 -DNDEBUG  -DNDEBUG -fPIE -o CMakeFiles/cmTC_2fcaf.dir/int16.c.o -c "/home/edi/Desktop/Surveillance System/Webserver/build/CMakeFiles/CheckTypeSize/int16.c"
/home/edi/Desktop/Surveillance System/Webserver/build/CMakeFiles/CheckTypeSize/int16.c:27:22: error: ‘INT16’ undeclared here (not in a function); did you mean ‘INT16_C’?
   27 | #define SIZE (sizeof(INT16))
      |                      ^~~~~
/home/edi/Desktop/Surveillance System/Webserver/build/CMakeFiles/CheckTypeSize/int16.c:29:12: note: in expansion of macro ‘SIZE’
   29 |   ('0' + ((SIZE / 10000)%10)),
      |            ^~~~
gmake[1]: *** [CMakeFiles/cmTC_2fcaf.dir/build.make:85: CMakeFiles/cmTC_2fcaf.dir/int16.c.o] Error 1
gmake[1]: Leaving directory '/home/edi/Desktop/Surveillance System/Webserver/build/CMakeFiles/CMakeTmp'
gmake: *** [Makefile:140: cmTC_2fcaf/fast] Error 2


/home/edi/Desktop/Surveillance System/Webserver/build/CMakeFiles/CheckTypeSize/int16.c:
#include <sys/types.h>
#include <stdint.h>
#include <stddef.h>


#undef KEY
#if defined(__i386)
# define KEY '_','_','i','3','8','6'
#elif defined(__x86_64)
# define KEY '_','_','x','8','6','_','6','4'
#elif defined(__PPC64__)
# define KEY '_','_','P','P','C','6','4','_','_'
#elif defined(__ppc64__)
# define KEY '_','_','p','p','c','6','4','_','_'
#elif defined(__PPC__)
# define KEY '_','_','P','P','C','_','_'
#elif defined(__ppc__)
# define KEY '_','_','p','p','c','_','_'
#elif defined(__aarch64__)
# define KEY '_','_','a','a','r','c','h','6','4','_','_'
#elif defined(__ARM_ARCH_7A__)
# define KEY '_','_','A','R','M','_','A','R','C','H','_','7','A','_','_'
#elif defined(__ARM_ARCH_7S__)
# define KEY '_','_','A','R','M','_','A','R','C','H','_','7','S','_','_'
#endif

#define SIZE (sizeof(INT16))
static char info_size[] =  {'I', 'N', 'F', 'O', ':', 's','i','z','e','[',
  ('0' + ((SIZE / 10000)%10)),
  ('0' + ((SIZE / 1000)%10)),
  ('0' + ((SIZE / 100)%10)),
  ('0' + ((SIZE / 10)%10)),
  ('0' +  (SIZE    % 10)),
  ']',
#ifdef KEY
  ' ','k','e','y','[', KEY, ']',
#endif
  '\0'};

#ifdef __CLASSIC_C__
int main(argc, argv) int argc; char *argv[];
#else
int main(int argc, char *argv[])
#endif
{
  int require = 0;
  require += info_size[argc];
  (void)argv;
  return require;
}


Determining size of INT32 failed with the following output:
Change Dir: /home/edi/Desktop/Surveillance System/Webserver/build/CMakeFiles/CMakeTmp

Run Build Command(s):/usr/bin/gmake cmTC_c1c6d/fast && /usr/bin/gmake  -f CMakeFiles/cmTC_c1c6d.dir/build.make CMakeFiles/cmTC_c1c6d.dir/build
gmake[1]: Entering directory '/home/edi/Desktop/Surveillance System/Webserver/build/CMakeFiles/CMakeTmp'
Building C object CMakeFiles/cmTC_c1c6d.dir/int32.c.o
/usr/bin/cc   -fsigned-char -W -Wall -Wreturn-type -Waddress -Wsequence-point -Wformat -Wformat-security -Wmissing-declarations -Wmissing-prototypes -Wstrict-prototypes -Wundef -Winit-self -Wpointer-arith -Wshadow -Wuninitialized -Wno-psabi -Wno-comment -Wimplicit-fallthrough=3 -Wno-strict-overflow -fdiagnostics-show-option -pthread -fomit-frame-pointer -ffunction-sections -fdata-sections  -fvisibility=hidden  -O3 -DNDEBUG  -DNDEBUG -fPIE -o CMakeFiles/cmTC_c1c6d.dir/int32.c.o -c "/home/edi/Desktop/Surveillance System/Webserver/build/CMakeFiles/CheckTypeSize/int32.c"
/home/edi/Desktop/Surveillance System/Webserver/build/CMakeFiles/CheckTypeSize/int32.c:27:22: error: ‘INT32’ undeclared here (not in a function); did you mean ‘INT32_C’?
   27 | #define SIZE (sizeof(INT32))
      |                      ^~~~~
/home/edi/Desktop/Surveillance System/Webserver/build/CMakeFiles/CheckTypeSize/int32.c:29:12: note: in expansion of macro ‘SIZE’
   29 |   ('0' + ((SIZE / 10000)%10)),
      |            ^~~~
gmake[1]: *** [CMakeFiles/cmTC_c1c6d.dir/build.make:85: CMakeFiles/cmTC_c1c6d.dir/int32.c.o] Error 1
gmake[1]: Leaving directory '/home/edi/Desktop/Surveillance System/Webserver/build/CMakeFiles/CMakeTmp'
gmake: *** [Makefile:140: cmTC_c1c6d/fast] Error 2


/home/edi/Desktop/Surveillance System/Webserver/build/CMakeFiles/CheckTypeSize/int32.c:
#include <sys/types.h>
#include <stdint.h>
#include <stddef.h>


#undef KEY
#if defined(__i386)
# define KEY '_','_','i','3','8','6'
#elif defined(__x86_64)
# define KEY '_','_','x','8','6','_','6','4'
#elif defined(__PPC64__)
# define KEY '_','_','P','P','C','6','4','_','_'
#elif defined(__ppc64__)
# define KEY '_','_','p','p','c','6','4','_','_'
#elif defined(__PPC__)
# define KEY '_','_','P','P','C','_','_'
#elif defined(__ppc__)
# define KEY '_','_','p','p','c','_','_'
#elif defined(__aarch64__)
# define KEY '_','_','a','a','r','c','h','6','4','_','_'
#elif defined(__ARM_ARCH_7A__)
# define KEY '_','_','A','R','M','_','A','R','C','H','_','7','A','_','_'
#elif defined(__ARM_ARCH_7S__)
# define KEY '_','_','A','R','M','_','A','R','C','H','_','7','S','_','_'
#endif

#define SIZE (sizeof(INT32))
static char info_size[] =  {'I', 'N', 'F', 'O', ':', 's','i','z','e','[',
  ('0' + ((SIZE / 10000)%10)),
  ('0' + ((SIZE / 1000)%10)),
  ('0' + ((SIZE / 100)%10)),
  ('0' + ((SIZE / 10)%10)),
  ('0' +  (SIZE    % 10)),
  ']',
#ifdef KEY
  ' ','k','e','y','[', KEY, ']',
#endif
  '\0'};

#ifdef __CLASSIC_C__
int main(argc, argv) int argc; char *argv[];
#else
int main(int argc, char *argv[])
#endif
{
  int require = 0;
  require += info_size[argc];
  (void)argv;
  return require;
}


Determining if the function setmode exists failed with the following output:
Change Dir: /home/edi/Desktop/Surveillance System/Webserver/build/CMakeFiles/CMakeTmp

Run Build Command(s):/usr/bin/gmake cmTC_3177d/fast && /usr/bin/gmake  -f CMakeFiles/cmTC_3177d.dir/build.make CMakeFiles/cmTC_3177d.dir/build
gmake[1]: Entering directory '/home/edi/Desktop/Surveillance System/Webserver/build/CMakeFiles/CMakeTmp'
Building C object CMakeFiles/cmTC_3177d.dir/CheckFunctionExists.c.o
/usr/bin/cc   -fsigned-char -W -Wall -Wreturn-type -Waddress -Wsequence-point -Wformat -Wformat-security -Wmissing-declarations -Wmissing-prototypes -Wstrict-prototypes -Wundef -Winit-self -Wpointer-arith -Wshadow -Wuninitialized -Wno-psabi -Wno-comment -Wimplicit-fallthrough=3 -Wno-strict-overflow -fdiagnostics-show-option -pthread -fomit-frame-pointer -ffunction-sections -fdata-sections  -fvisibility=hidden -DCHECK_FUNCTION_EXISTS=setmode -O3 -DNDEBUG  -DNDEBUG -fPIE -o CMakeFiles/cmTC_3177d.dir/CheckFunctionExists.c.o -c /usr/share/cmake-3.18/Modules/CheckFunctionExists.c
Linking C executable cmTC_3177d
/usr/bin/cmake -E cmake_link_script CMakeFiles/cmTC_3177d.dir/link.txt --verbose=1
/usr/bin/cc    -fsigned-char -W -Wall -Wreturn-type -Waddress -Wsequence-point -Wformat -Wformat-security -Wmissing-declarations -Wmissing-prototypes -Wstrict-prototypes -Wundef -Winit-self -Wpointer-arith -Wshadow -Wuninitialized -Wno-psabi -Wno-comment -Wimplicit-fallthrough=3 -Wno-strict-overflow -fdiagnostics-show-option -pthread -fomit-frame-pointer -ffunction-sections -fdata-sections  -fvisibility=hidden -DCHECK_FUNCTION_EXISTS=setmode -O3 -DNDEBUG  -DNDEBUG   -Wl,--gc-sections -Wl,--as-needed -Wl,--no-undefined  CMakeFiles/cmTC_3177d.dir/CheckFunctionExists.c.o -o cmTC_3177d 
/usr/bin/ld: CMakeFiles/cmTC_3177d.dir/CheckFunctionExists.c.o: in function `main':
CheckFunctionExists.c:(.text.startup.main+0xc): undefined reference to `setmode'
collect2: error: ld returned 1 exit status
gmake[1]: *** [CMakeFiles/cmTC_3177d.dir/build.make:106: cmTC_3177d] Error 1
gmake[1]: Leaving directory '/home/edi/Desktop/Surveillance System/Webserver/build/CMakeFiles/CMakeTmp'
gmake: *** [Makefile:140: cmTC_3177d/fast] Error 2



Build output check failed:
    Regex: 'unrecognized .*option'
    Output line: 'cc1: note: unrecognized command-line option ‘-Wno-array-parameter’ may have been intended to silence earlier diagnostics'
Compilation failed:
    source file: '/home/edi/Desktop/Surveillance System/Webserver/build/CMakeFiles/CMakeTmp/src.c'
    check option: ' -Wno-array-parameter'
===== BUILD LOG =====
Change Dir: /home/edi/Desktop/Surveillance System/Webserver/build/CMakeFiles/CMakeTmp

Run Build Command(s):/usr/bin/gmake cmTC_91e84/fast && /usr/bin/gmake  -f CMakeFiles/cmTC_91e84.dir/build.make CMakeFiles/cmTC_91e84.dir/build
gmake[1]: Entering directory '/home/edi/Desktop/Surveillance System/Webserver/build/CMakeFiles/CMakeTmp'
Building C object CMakeFiles/cmTC_91e84.dir/src.c.o
/usr/bin/cc   -fsigned-char -W -Wall -Wreturn-type -Waddress -Wsequence-point -Wformat -Wformat-security -Wstrict-prototypes -Winit-self -Wpointer-arith -Wuninitialized -Wno-psabi -Wno-comment -Wno-strict-overflow -fdiagnostics-show-option -pthread -fomit-frame-pointer -ffunction-sections -fdata-sections  -fvisibility=hidden -Wno-unused-but-set-variable -Wno-missing-prototypes -Wno-missing-declarations -Wno-undef -Wno-unused -Wno-sign-compare -Wno-cast-align -Wno-shadow -Wno-maybe-uninitialized -Wno-pointer-to-int-cast -Wno-int-to-pointer-cast -Wno-misleading-indentation -Wno-implicit-fallthrough -Wno-unused-parameter  -O3 -DNDEBUG  -DNDEBUG -fPIE    -Wno-array-parameter -o CMakeFiles/cmTC_91e84.dir/src.c.o -c "/home/edi/Desktop/Surveillance System/Webserver/build/CMakeFiles/CMakeTmp/src.c"
/home/edi/Desktop/Surveillance System/Webserver/build/CMakeFiles/CMakeTmp/src.c:1: warning: ignoring ‘#pragma  ’ [-Wunknown-pragmas]
    1 | #pragma
      | 
cc1: note: unrecognized command-line option ‘-Wno-array-parameter’ may have been intended to silence earlier diagnostics
Linking C executable cmTC_91e84
/usr/bin/cmake -E cmake_link_script CMakeFiles/cmTC_91e84.dir/link.txt --verbose=1
/usr/bin/cc    -fsigned-char -W -Wall -Wreturn-type -Waddress -Wsequence-point -Wformat -Wformat-security -Wstrict-prototypes -Winit-self -Wpointer-arith -Wuninitialized -Wno-psabi -Wno-comment -Wno-strict-overflow -fdiagnostics-show-option -pthread -fomit-frame-pointer -ffunction-sections -fdata-sections  -fvisibility=hidden -Wno-unused-but-set-variable -Wno-missing-prototypes -Wno-missing-declarations -Wno-undef -Wno-unused -Wno-sign-compare -Wno-cast-align -Wno-shadow -Wno-maybe-uninitialized -Wno-pointer-to-int-cast -Wno-int-to-pointer-cast -Wno-misleading-indentation -Wno-implicit-fallthrough -Wno-unused-parameter  -O3 -DNDEBUG  -DNDEBUG   -Wl,--gc-sections -Wl,--as-needed -Wl,--no-undefined  CMakeFiles/cmTC_91e84.dir/src.c.o -o cmTC_91e84 
gmake[1]: Leaving directory '/home/edi/Desktop/Surveillance System/Webserver/build/CMakeFiles/CMakeTmp'


===== END =====

Build output check failed:
    Regex: 'command[- ]line option .* is valid for .* but not for C\+\+'
    Output line: 'cc1plus: warning: command-line option ‘-Wno-missing-prototypes’ is valid for C/ObjC but not for C++'
Compilation failed:
    source file: '/home/edi/Desktop/Surveillance System/Webserver/build/CMakeFiles/CMakeTmp/src.cxx'
    check option: ' -Wno-missing-prototypes'
===== BUILD LOG =====
Change Dir: /home/edi/Desktop/Surveillance System/Webserver/build/CMakeFiles/CMakeTmp

Run Build Command(s):/usr/bin/gmake cmTC_90d46/fast && /usr/bin/gmake  -f CMakeFiles/cmTC_90d46.dir/build.make CMakeFiles/cmTC_90d46.dir/build
gmake[1]: Entering directory '/home/edi/Desktop/Surveillance System/Webserver/build/CMakeFiles/CMakeTmp'
Building CXX object CMakeFiles/cmTC_90d46.dir/src.cxx.o
/usr/bin/c++   -fsigned-char -W -Wall -Wreturn-type -Wnon-virtual-dtor -Waddress -Wsequence-point -Wformat -Wformat-security -Wundef -Winit-self -Wpointer-arith -Wshadow -Wsign-promo -Wuninitialized -Wno-psabi -Wsuggest-override -Wno-delete-non-virtual-dtor -Wno-comment -Wimplicit-fallthrough=3 -Wno-strict-overflow -fdiagnostics-show-option -pthread -fomit-frame-pointer -ffunction-sections -fdata-sections  -fvisibility=hidden -fvisibility-inlines-hidden -Wno-missing-declarations -Wno-unused-parameter  -O3 -DNDEBUG  -DNDEBUG -fPIE    -Wno-missing-prototypes -std=c++11 -o CMakeFiles/cmTC_90d46.dir/src.cxx.o -c "/home/edi/Desktop/Surveillance System/Webserver/build/CMakeFiles/CMakeTmp/src.cxx"
cc1plus: warning: command-line option ‘-Wno-missing-prototypes’ is valid for C/ObjC but not for C++
/home/edi/Desktop/Surveillance System/Webserver/build/CMakeFiles/CMakeTmp/src.cxx:1: warning: ignoring ‘#pragma  ’ [-Wunknown-pragmas]
    1 | #pragma
      | 
Linking CXX executable cmTC_90d46
/usr/bin/cmake -E cmake_link_script CMakeFiles/cmTC_90d46.dir/link.txt --verbose=1
/usr/bin/c++    -fsigned-char -W -Wall -Wreturn-type -Wnon-virtual-dtor -Waddress -Wsequence-point -Wformat -Wformat-security -Wundef -Winit-self -Wpointer-arith -Wshadow -Wsign-promo -Wuninitialized -Wno-psabi -Wsuggest-override -Wno-delete-non-virtual-dtor -Wno-comment -Wimplicit-fallthrough=3 -Wno-strict-overflow -fdiagnostics-show-option -pthread -fomit-frame-pointer -ffunction-sections -fdata-sections  -fvisibility=hidden -fvisibility-inlines-hidden -Wno-missing-declarations -Wno-unused-parameter  -O3 -DNDEBUG  -DNDEBUG   -Wl,--gc-sections -Wl,--as-needed -Wl,--no-undefined  CMakeFiles/cmTC_90d46.dir/src.cxx.o -o cmTC_90d46 
gmake[1]: Leaving directory '/home/edi/Desktop/Surveillance System/Webserver/build/CMakeFiles/CMakeTmp'


===== END =====

Build output check failed:
    Regex: 'unrecognized .*option'
    Output line: 'cc1: note: unrecognized command-line option ‘-Wno-implicit-const-int-float-conversion’ may have been intended to silence earlier diagnostics'
Compilation failed:
    source file: '/home/edi/Desktop/Surveillance System/Webserver/build/CMakeFiles/CMakeTmp/src.c'
    check option: ' -Wno-implicit-const-int-float-conversion'
===== BUILD LOG =====
Change Dir: /home/edi/Desktop/Surveillance System/Webserver/build/CMakeFiles/CMakeTmp

Run Build Command(s):/usr/bin/gmake cmTC_60c67/fast && /usr/bin/gmake  -f CMakeFiles/cmTC_60c67.dir/build.make CMakeFiles/cmTC_60c67.dir/build
gmake[1]: Entering directory '/home/edi/Desktop/Surveillance System/Webserver/build/CMakeFiles/CMakeTmp'
Building C object CMakeFiles/cmTC_60c67.dir/src.c.o
/usr/bin/cc   -fsigned-char -W -Wall -Wreturn-type -Waddress -Wsequence-point -Wformat -Wformat-security -Wmissing-declarations -Wmissing-prototypes -Wstrict-prototypes -Wundef -Winit-self -Wpointer-arith -Wshadow -Wuninitialized -Wno-psabi -Wno-comment -Wimplicit-fallthrough=3 -Wno-strict-overflow -fdiagnostics-show-option -pthread -fomit-frame-pointer -ffunction-sections -fdata-sections  -fvisibility=hidden  -O3 -DNDEBUG  -DNDEBUG -fPIE    -Wno-implicit-const-int-float-conversion -o CMakeFiles/cmTC_60c67.dir/src.c.o -c "/home/edi/Desktop/Surveillance System/Webserver/build/CMakeFiles/CMakeTmp/src.c"
/home/edi/Desktop/Surveillance System/Webserver/build/CMakeFiles/CMakeTmp/src.c:1: warning: ignoring ‘#pragma  ’ [-Wunknown-pragmas]
    1 | #pragma
      | 
cc1: note: unrecognized command-line option ‘-Wno-implicit-const-int-float-conversion’ may have been intended to silence earlier diagnostics
Linking C executable cmTC_60c67
/usr/bin/cmake -E cmake_link_script CMakeFiles/cmTC_60c67.dir/link.txt --verbose=1
/usr/bin/cc    -fsigned-char -W -Wall -Wreturn-type -Waddress -Wsequence-point -Wformat -Wformat-security -Wmissing-declarations -Wmissing-prototypes -Wstrict-prototypes -Wundef -Winit-self -Wpointer-arith -Wshadow -Wuninitialized -Wno-psabi -Wno-comment -Wimplicit-fallthrough=3 -Wno-strict-overflow -fdiagnostics-show-option -pthread -fomit-frame-pointer -ffunction-sections -fdata-sections  -fvisibility=hidden  -O3 -DNDEBUG  -DNDEBUG   -Wl,--gc-sections -Wl,--as-needed -Wl,--no-undefined  CMakeFiles/cmTC_60c67.dir/src.c.o -o cmTC_60c67 
gmake[1]: Leaving directory '/home/edi/Desktop/Surveillance System/Webserver/build/CMakeFiles/CMakeTmp'


===== END =====

Determining if the _aligned_malloc exist failed with the following output:
Change Dir: /home/edi/Desktop/Surveillance System/Webserver/build/CMakeFiles/CMakeTmp

Run Build Command(s):/usr/bin/gmake cmTC_537ad/fast && /usr/bin/gmake  -f CMakeFiles/cmTC_537ad.dir/build.make CMakeFiles/cmTC_537ad.dir/build
gmake[1]: Entering directory '/home/edi/Desktop/Surveillance System/Webserver/build/CMakeFiles/CMakeTmp'
Building C object CMakeFiles/cmTC_537ad.dir/CheckSymbolExists.c.o
/usr/bin/cc   -fsigned-char -W -Wall -Wreturn-type -Waddress -Wsequence-point -Wformat -Wformat-security -Wmissing-declarations -Wmissing-prototypes -Wstrict-prototypes -Wundef -Winit-self -Wpointer-arith -Wshadow -Wuninitialized -Wno-psabi -Wno-comment -Wimplicit-fallthrough=3 -Wno-strict-overflow -fdiagnostics-show-option -pthread -fomit-frame-pointer -ffunction-sections -fdata-sections  -fvisibility=hidden -Wno-unused-but-set-variable  -O3 -DNDEBUG  -DNDEBUG -fPIE -o CMakeFiles/cmTC_537ad.dir/CheckSymbolExists.c.o -c "/home/edi/Desktop/Surveillance System/Webserver/build/CMakeFiles/CMakeTmp/CheckSymbolExists.c"
/home/edi/Desktop/Surveillance System/Webserver/build/CMakeFiles/CMakeTmp/CheckSymbolExists.c: In function ‘main’:
/home/edi/Desktop/Surveillance System/Webserver/build/CMakeFiles/CMakeTmp/CheckSymbolExists.c:8:19: error: ‘_aligned_malloc’ undeclared (first use in this function)
    8 |   return ((int*)(&_aligned_malloc))[argc];
      |                   ^~~~~~~~~~~~~~~
/home/edi/Desktop/Surveillance System/Webserver/build/CMakeFiles/CMakeTmp/CheckSymbolExists.c:8:19: note: each undeclared identifier is reported only once for each function it appears in
/home/edi/Desktop/Surveillance System/Webserver/build/CMakeFiles/CMakeTmp/CheckSymbolExists.c:4:14: warning: parameter ‘argc’ set but not used [-Wunused-but-set-parameter]
    4 | int main(int argc, char** argv)
      |          ~~~~^~~~
gmake[1]: *** [CMakeFiles/cmTC_537ad.dir/build.make:85: CMakeFiles/cmTC_537ad.dir/CheckSymbolExists.c.o] Error 1
gmake[1]: Leaving directory '/home/edi/Desktop/Surveillance System/Webserver/build/CMakeFiles/CMakeTmp'
gmake: *** [Makefile:140: cmTC_537ad/fast] Error 2


File /home/edi/Desktop/Surveillance System/Webserver/build/CMakeFiles/CMakeTmp/CheckSymbolExists.c:
/* */
#include <malloc.h>

int main(int argc, char** argv)
{
  (void)argv;
#ifndef _aligned_malloc
  return ((int*)(&_aligned_malloc))[argc];
#else
  (void)argc;
  return 0;
#endif
}
Build output check failed:
    Regex: 'unrecognized .*option'
    Output line: 'cc1plus: note: unrecognized command-line option ‘-Wno-inconsistent-missing-override’ may have been intended to silence earlier diagnostics'
Compilation failed:
    source file: '/home/edi/Desktop/Surveillance System/Webserver/build/CMakeFiles/CMakeTmp/src.cxx'
    check option: ' -Wno-inconsistent-missing-override'
===== BUILD LOG =====
Change Dir: /home/edi/Desktop/Surveillance System/Webserver/build/CMakeFiles/CMakeTmp

Run Build Command(s):/usr/bin/gmake cmTC_f5fa2/fast && /usr/bin/gmake  -f CMakeFiles/cmTC_f5fa2.dir/build.make CMakeFiles/cmTC_f5fa2.dir/build
gmake[1]: Entering directory '/home/edi/Desktop/Surveillance System/Webserver/build/CMakeFiles/CMakeTmp'
Building CXX object CMakeFiles/cmTC_f5fa2.dir/src.cxx.o
/usr/bin/c++   -fsigned-char -W -Wall -Wreturn-type -Wnon-virtual-dtor -Waddress -Wsequence-point -Wformat -Wformat-security -Winit-self -Wpointer-arith -Wsign-promo -Wno-psabi -Wno-delete-non-virtual-dtor -Wno-comment -Wimplicit-fallthrough=3 -Wno-strict-overflow -fdiagnostics-show-option -pthread -fomit-frame-pointer -ffunction-sections -fdata-sections  -fvisibility=hidden -fvisibility-inlines-hidden -Wno-shadow -Wno-unused -Wno-sign-compare -Wno-undef -Wno-missing-declarations -Wno-uninitialized -Wno-switch -Wno-parentheses -Wno-array-bounds -Wno-extra -Wno-deprecated-declarations -Wno-misleading-indentation -Wno-deprecated -Wno-suggest-override  -O3 -DNDEBUG  -DNDEBUG -fPIE    -Wno-inconsistent-missing-override -std=c++11 -o CMakeFiles/cmTC_f5fa2.dir/src.cxx.o -c "/home/edi/Desktop/Surveillance System/Webserver/build/CMakeFiles/CMakeTmp/src.cxx"
/home/edi/Desktop/Surveillance System/Webserver/build/CMakeFiles/CMakeTmp/src.cxx:1: warning: ignoring ‘#pragma  ’ [-Wunknown-pragmas]
    1 | #pragma
      | 
cc1plus: note: unrecognized command-line option ‘-Wno-inconsistent-missing-override’ may have been intended to silence earlier diagnostics
Linking CXX executable cmTC_f5fa2
/usr/bin/cmake -E cmake_link_script CMakeFiles/cmTC_f5fa2.dir/link.txt --verbose=1
/usr/bin/c++    -fsigned-char -W -Wall -Wreturn-type -Wnon-virtual-dtor -Waddress -Wsequence-point -Wformat -Wformat-security -Winit-self -Wpointer-arith -Wsign-promo -Wno-psabi -Wno-delete-non-virtual-dtor -Wno-comment -Wimplicit-fallthrough=3 -Wno-strict-overflow -fdiagnostics-show-option -pthread -fomit-frame-pointer -ffunction-sections -fdata-sections  -fvisibility=hidden -fvisibility-inlines-hidden -Wno-shadow -Wno-unused -Wno-sign-compare -Wno-undef -Wno-missing-declarations -Wno-uninitialized -Wno-switch -Wno-parentheses -Wno-array-bounds -Wno-extra -Wno-deprecated-declarations -Wno-misleading-indentation -Wno-deprecated -Wno-suggest-override  -O3 -DNDEBUG  -DNDEBUG   -Wl,--gc-sections -Wl,--as-needed -Wl,--no-undefined  CMakeFiles/cmTC_f5fa2.dir/src.cxx.o -o cmTC_f5fa2 
gmake[1]: Leaving directory '/home/edi/Desktop/Surveillance System/Webserver/build/CMakeFiles/CMakeTmp'


===== END =====

Build output check failed:
    Regex: 'unrecognized .*option'
    Output line: 'cc1plus: note: unrecognized command-line option ‘-Wno-implicit-const-int-float-conversion’ may have been intended to silence earlier diagnostics'
Compilation failed:
    source file: '/home/edi/Desktop/Surveillance System/Webserver/build/CMakeFiles/CMakeTmp/src.cxx'
    check option: ' -Wno-implicit-const-int-float-conversion'
===== BUILD LOG =====
Change Dir: /home/edi/Desktop/Surveillance System/Webserver/build/CMakeFiles/CMakeTmp

Run Build Command(s):/usr/bin/gmake cmTC_22181/fast && /usr/bin/gmake  -f CMakeFiles/cmTC_22181.dir/build.make CMakeFiles/cmTC_22181.dir/build
gmake[1]: Entering directory '/home/edi/Desktop/Surveillance System/Webserver/build/CMakeFiles/CMakeTmp'
Building CXX object CMakeFiles/cmTC_22181.dir/src.cxx.o
/usr/bin/c++   -fsigned-char -W -Wall -Wreturn-type -Wnon-virtual-dtor -Waddress -Wsequence-point -Wformat -Wformat-security -Winit-self -Wpointer-arith -Wsign-promo -Wno-psabi -Wno-delete-non-virtual-dtor -Wno-comment -Wno-strict-overflow -fdiagnostics-show-option -pthread -fomit-frame-pointer -ffunction-sections -fdata-sections  -fvisibility=hidden -fvisibility-inlines-hidden -Wno-shadow -Wno-unused -Wno-sign-compare -Wno-undef -Wno-missing-declarations -Wno-uninitialized -Wno-switch -Wno-parentheses -Wno-array-bounds -Wno-extra -Wno-deprecated-declarations -Wno-misleading-indentation -Wno-deprecated -Wno-suggest-override -Wno-implicit-fallthrough -Wno-tautological-compare -Wno-reorder -Wno-unused-result  -O3 -DNDEBUG  -DNDEBUG -fPIE    -Wno-implicit-const-int-float-conversion -std=c++11 -o CMakeFiles/cmTC_22181.dir/src.cxx.o -c "/home/edi/Desktop/Surveillance System/Webserver/build/CMakeFiles/CMakeTmp/src.cxx"
/home/edi/Desktop/Surveillance System/Webserver/build/CMakeFiles/CMakeTmp/src.cxx:1: warning: ignoring ‘#pragma  ’ [-Wunknown-pragmas]
    1 | #pragma
      | 
cc1plus: note: unrecognized command-line option ‘-Wno-implicit-const-int-float-conversion’ may have been intended to silence earlier diagnostics
Linking CXX executable cmTC_22181
/usr/bin/cmake -E cmake_link_script CMakeFiles/cmTC_22181.dir/link.txt --verbose=1
/usr/bin/c++    -fsigned-char -W -Wall -Wreturn-type -Wnon-virtual-dtor -Waddress -Wsequence-point -Wformat -Wformat-security -Winit-self -Wpointer-arith -Wsign-promo -Wno-psabi -Wno-delete-non-virtual-dtor -Wno-comment -Wno-strict-overflow -fdiagnostics-show-option -pthread -fomit-frame-pointer -ffunction-sections -fdata-sections  -fvisibility=hidden -fvisibility-inlines-hidden -Wno-shadow -Wno-unused -Wno-sign-compare -Wno-undef -Wno-missing-declarations -Wno-uninitialized -Wno-switch -Wno-parentheses -Wno-array-bounds -Wno-extra -Wno-deprecated-declarations -Wno-misleading-indentation -Wno-deprecated -Wno-suggest-override -Wno-implicit-fallthrough -Wno-tautological-compare -Wno-reorder -Wno-unused-result  -O3 -DNDEBUG  -DNDEBUG   -Wl,--gc-sections -Wl,--as-needed -Wl,--no-undefined  CMakeFiles/cmTC_22181.dir/src.cxx.o -o cmTC_22181 
gmake[1]: Leaving directory '/home/edi/Desktop/Surveillance System/Webserver/build/CMakeFiles/CMakeTmp'


===== END =====

Determining if the function sgemm_ exists failed with the following output:
Change Dir: /home/edi/Desktop/Surveillance System/Webserver/build/CMakeFiles/CMakeTmp

Run Build Command(s):/usr/bin/gmake cmTC_c2f58/fast && /usr/bin/gmake  -f CMakeFiles/cmTC_c2f58.dir/build.make CMakeFiles/cmTC_c2f58.dir/build
gmake[1]: Entering directory '/home/edi/Desktop/Surveillance System/Webserver/build/CMakeFiles/CMakeTmp'
Building C object CMakeFiles/cmTC_c2f58.dir/CheckFunctionExists.c.o
/usr/bin/cc   -fsigned-char -W -Wall -Wreturn-type -Waddress -Wsequence-point -Wformat -Wformat-security -Wmissing-declarations -Wmissing-prototypes -Wstrict-prototypes -Wundef -Winit-self -Wpointer-arith -Wshadow -Wuninitialized -Wno-psabi -Wno-comment -Wimplicit-fallthrough=3 -Wno-strict-overflow -fdiagnostics-show-option -pthread -fomit-frame-pointer -ffunction-sections -fdata-sections  -fvisibility=hidden -DCHECK_FUNCTION_EXISTS=sgemm_ -O3 -DNDEBUG  -DNDEBUG -fPIE -o CMakeFiles/cmTC_c2f58.dir/CheckFunctionExists.c.o -c /usr/share/cmake-3.18/Modules/CheckFunctionExists.c
Linking C executable cmTC_c2f58
/usr/bin/cmake -E cmake_link_script CMakeFiles/cmTC_c2f58.dir/link.txt --verbose=1
/usr/bin/cc    -fsigned-char -W -Wall -Wreturn-type -Waddress -Wsequence-point -Wformat -Wformat-security -Wmissing-declarations -Wmissing-prototypes -Wstrict-prototypes -Wundef -Winit-self -Wpointer-arith -Wshadow -Wuninitialized -Wno-psabi -Wno-comment -Wimplicit-fallthrough=3 -Wno-strict-overflow -fdiagnostics-show-option -pthread -fomit-frame-pointer -ffunction-sections -fdata-sections  -fvisibility=hidden -DCHECK_FUNCTION_EXISTS=sgemm_ -O3 -DNDEBUG  -DNDEBUG   -Wl,--gc-sections -Wl,--as-needed -Wl,--no-undefined  CMakeFiles/cmTC_c2f58.dir/CheckFunctionExists.c.o -o cmTC_c2f58 
/usr/bin/ld: CMakeFiles/cmTC_c2f58.dir/CheckFunctionExists.c.o: in function `main':
CheckFunctionExists.c:(.text.startup.main+0xc): undefined reference to `sgemm_'
collect2: error: ld returned 1 exit status
gmake[1]: *** [CMakeFiles/cmTC_c2f58.dir/build.make:106: cmTC_c2f58] Error 1
gmake[1]: Leaving directory '/home/edi/Desktop/Surveillance System/Webserver/build/CMakeFiles/CMakeTmp'
gmake: *** [Makefile:140: cmTC_c2f58/fast] Error 2



Build output check failed:
    Regex: 'unrecognized .*option'
    Output line: 'cc1plus: note: unrecognized command-line option ‘-Wno-tautological-undefined-compare’ may have been intended to silence earlier diagnostics'
Compilation failed:
    source file: '/home/edi/Desktop/Surveillance System/Webserver/build/CMakeFiles/CMakeTmp/src.cxx'
    check option: ' -Wno-tautological-undefined-compare'
===== BUILD LOG =====
Change Dir: /home/edi/Desktop/Surveillance System/Webserver/build/CMakeFiles/CMakeTmp

Run Build Command(s):/usr/bin/gmake cmTC_9a11c/fast && /usr/bin/gmake  -f CMakeFiles/cmTC_9a11c.dir/build.make CMakeFiles/cmTC_9a11c.dir/build
gmake[1]: Entering directory '/home/edi/Desktop/Surveillance System/Webserver/build/CMakeFiles/CMakeTmp'
Building CXX object CMakeFiles/cmTC_9a11c.dir/src.cxx.o
/usr/bin/c++   -fsigned-char -W -Wall -Wreturn-type -Wnon-virtual-dtor -Waddress -Wsequence-point -Wformat -Wformat-security -Winit-self -Wpointer-arith -Wuninitialized -Wno-psabi -Wsuggest-override -Wno-delete-non-virtual-dtor -Wno-comment -Wimplicit-fallthrough=3 -Wno-strict-overflow -fdiagnostics-show-option -pthread -fomit-frame-pointer -ffunction-sections -fdata-sections  -fvisibility=hidden -fvisibility-inlines-hidden -Wno-deprecated -Wno-missing-declarations -Wno-shadow -Wno-unused-parameter -Wno-unused-local-typedefs -Wno-sign-compare -Wno-sign-promo -Wno-undef  -O3 -DNDEBUG  -DNDEBUG -fPIE    -Wno-tautological-undefined-compare -std=c++11 -o CMakeFiles/cmTC_9a11c.dir/src.cxx.o -c "/home/edi/Desktop/Surveillance System/Webserver/build/CMakeFiles/CMakeTmp/src.cxx"
/home/edi/Desktop/Surveillance System/Webserver/build/CMakeFiles/CMakeTmp/src.cxx:1: warning: ignoring ‘#pragma  ’ [-Wunknown-pragmas]
    1 | #pragma
      | 
cc1plus: note: unrecognized command-line option ‘-Wno-tautological-undefined-compare’ may have been intended to silence earlier diagnostics
Linking CXX executable cmTC_9a11c
/usr/bin/cmake -E cmake_link_script CMakeFiles/cmTC_9a11c.dir/link.txt --verbose=1
/usr/bin/c++    -fsigned-char -W -Wall -Wreturn-type -Wnon-virtual-dtor -Waddress -Wsequence-point -Wformat -Wformat-security -Winit-self -Wpointer-arith -Wuninitialized -Wno-psabi -Wsuggest-override -Wno-delete-non-virtual-dtor -Wno-comment -Wimplicit-fallthrough=3 -Wno-strict-overflow -fdiagnostics-show-option -pthread -fomit-frame-pointer -ffunction-sections -fdata-sections  -fvisibility=hidden -fvisibility-inlines-hidden -Wno-deprecated -Wno-missing-declarations -Wno-shadow -Wno-unused-parameter -Wno-unused-local-typedefs -Wno-sign-compare -Wno-sign-promo -Wno-undef  -O3 -DNDEBUG  -DNDEBUG   -Wl,--gc-sections -Wl,--as-needed -Wl,--no-undefined  CMakeFiles/cmTC_9a11c.dir/src.cxx.o -o cmTC_9a11c 
gmake[1]: Leaving directory '/home/edi/Desktop/Surveillance System/Webserver/build/CMakeFiles/CMakeTmp'


===== END =====

Build output check failed:
    Regex: 'unrecognized .*option'
    Output line: 'cc1plus: note: unrecognized command-line option ‘-Wno-shorten-64-to-32’ may have been intended to silence earlier diagnostics'
Compilation failed:
    source file: '/home/edi/Desktop/Surveillance System/Webserver/build/CMakeFiles/CMakeTmp/src.cxx'
    check option: ' -Wno-shorten-64-to-32'
===== BUILD LOG =====
Change Dir: /home/edi/Desktop/Surveillance System/Webserver/build/CMakeFiles/CMakeTmp

Run Build Command(s):/usr/bin/gmake cmTC_10abe/fast && /usr/bin/gmake  -f CMakeFiles/cmTC_10abe.dir/build.make CMakeFiles/cmTC_10abe.dir/build
gmake[1]: Entering directory '/home/edi/Desktop/Surveillance System/Webserver/build/CMakeFiles/CMakeTmp'
Building CXX object CMakeFiles/cmTC_10abe.dir/src.cxx.o
/usr/bin/c++   -fsigned-char -W -Wall -Wreturn-type -Wnon-virtual-dtor -Waddress -Wsequence-point -Wformat -Wformat-security -Winit-self -Wpointer-arith -Wuninitialized -Wno-psabi -Wsuggest-override -Wno-delete-non-virtual-dtor -Wno-comment -Wimplicit-fallthrough=3 -Wno-strict-overflow -fdiagnostics-show-option -pthread -fomit-frame-pointer -ffunction-sections -fdata-sections  -fvisibility=hidden -fvisibility-inlines-hidden -Wno-deprecated -Wno-missing-declarations -Wno-shadow -Wno-unused-parameter -Wno-unused-local-typedefs -Wno-sign-compare -Wno-sign-promo -Wno-undef -Wno-ignored-qualifiers -Wno-extra -Wno-unused-function -Wno-unused-const-variable  -O3 -DNDEBUG  -DNDEBUG -fPIE    -Wno-shorten-64-to-32 -std=c++11 -o CMakeFiles/cmTC_10abe.dir/src.cxx.o -c "/home/edi/Desktop/Surveillance System/Webserver/build/CMakeFiles/CMakeTmp/src.cxx"
/home/edi/Desktop/Surveillance System/Webserver/build/CMakeFiles/CMakeTmp/src.cxx:1: warning: ignoring ‘#pragma  ’ [-Wunknown-pragmas]
    1 | #pragma
      | 
cc1plus: note: unrecognized command-line option ‘-Wno-shorten-64-to-32’ may have been intended to silence earlier diagnostics
Linking CXX executable cmTC_10abe
/usr/bin/cmake -E cmake_link_script CMakeFiles/cmTC_10abe.dir/link.txt --verbose=1
/usr/bin/c++    -fsigned-char -W -Wall -Wreturn-type -Wnon-virtual-dtor -Waddress -Wsequence-point -Wformat -Wformat-security -Winit-self -Wpointer-arith -Wuninitialized -Wno-psabi -Wsuggest-override -Wno-delete-non-virtual-dtor -Wno-comment -Wimplicit-fallthrough=3 -Wno-strict-overflow -fdiagnostics-show-option -pthread -fomit-frame-pointer -ffunction-sections -fdata-sections  -fvisibility=hidden -fvisibility-inlines-hidden -Wno-deprecated -Wno-missing-declarations -Wno-shadow -Wno-unused-parameter -Wno-unused-local-typedefs -Wno-sign-compare -Wno-sign-promo -Wno-undef -Wno-ignored-qualifiers -Wno-extra -Wno-unused-function -Wno-unused-const-variable  -O3 -DNDEBUG  -DNDEBUG   -Wl,--gc-sections -Wl,--as-needed -Wl,--no-undefined  CMakeFiles/cmTC_10abe.dir/src.cxx.o -o cmTC_10abe 
gmake[1]: Leaving directory '/home/edi/Desktop/Surveillance System/Webserver/build/CMakeFiles/CMakeTmp'


===== END =====

Build output check failed:
    Regex: 'unrecognized .*option'
    Output line: 'cc1plus: note: unrecognized command-line option ‘-Wno-enum-compare-switch’ may have been intended to silence earlier diagnostics'
Compilation failed:
    source file: '/home/edi/Desktop/Surveillance System/Webserver/build/CMakeFiles/CMakeTmp/src.cxx'
    check option: ' -Wno-enum-compare-switch'
===== BUILD LOG =====
Change Dir: /home/edi/Desktop/Surveillance System/Webserver/build/CMakeFiles/CMakeTmp

Run Build Command(s):/usr/bin/gmake cmTC_fcf92/fast && /usr/bin/gmake  -f CMakeFiles/cmTC_fcf92.dir/build.make CMakeFiles/cmTC_fcf92.dir/build
gmake[1]: Entering directory '/home/edi/Desktop/Surveillance System/Webserver/build/CMakeFiles/CMakeTmp'
Building CXX object CMakeFiles/cmTC_fcf92.dir/src.cxx.o
/usr/bin/c++   -fsigned-char -W -Wall -Wreturn-type -Wnon-virtual-dtor -Waddress -Wsequence-point -Wformat -Wformat-security -Winit-self -Wpointer-arith -Wuninitialized -Wno-psabi -Wsuggest-override -Wno-delete-non-virtual-dtor -Wno-comment -Wimplicit-fallthrough=3 -Wno-strict-overflow -fdiagnostics-show-option -pthread -fomit-frame-pointer -ffunction-sections -fdata-sections  -fvisibility=hidden -fvisibility-inlines-hidden -Wno-deprecated -Wno-missing-declarations -Wno-shadow -Wno-unused-parameter -Wno-unused-local-typedefs -Wno-sign-compare -Wno-sign-promo -Wno-undef -Wno-ignored-qualifiers -Wno-extra -Wno-unused-function -Wno-unused-const-variable -Wno-invalid-offsetof  -O3 -DNDEBUG  -DNDEBUG -fPIE    -Wno-enum-compare-switch -std=c++11 -o CMakeFiles/cmTC_fcf92.dir/src.cxx.o -c "/home/edi/Desktop/Surveillance System/Webserver/build/CMakeFiles/CMakeTmp/src.cxx"
/home/edi/Desktop/Surveillance System/Webserver/build/CMakeFiles/CMakeTmp/src.cxx:1: warning: ignoring ‘#pragma  ’ [-Wunknown-pragmas]
    1 | #pragma
      | 
cc1plus: note: unrecognized command-line option ‘-Wno-enum-compare-switch’ may have been intended to silence earlier diagnostics
Linking CXX executable cmTC_fcf92
/usr/bin/cmake -E cmake_link_script CMakeFiles/cmTC_fcf92.dir/link.txt --verbose=1
/usr/bin/c++    -fsigned-char -W -Wall -Wreturn-type -Wnon-virtual-dtor -Waddress -Wsequence-point -Wformat -Wformat-security -Winit-self -Wpointer-arith -Wuninitialized -Wno-psabi -Wsuggest-override -Wno-delete-non-virtual-dtor -Wno-comment -Wimplicit-fallthrough=3 -Wno-strict-overflow -fdiagnostics-show-option -pthread -fomit-frame-pointer -ffunction-sections -fdata-sections  -fvisibility=hidden -fvisibility-inlines-hidden -Wno-deprecated -Wno-missing-declarations -Wno-shadow -Wno-unused-parameter -Wno-unused-local-typedefs -Wno-sign-compare -Wno-sign-promo -Wno-undef -Wno-ignored-qualifiers -Wno-extra -Wno-unused-function -Wno-unused-const-variable -Wno-invalid-offsetof  -O3 -DNDEBUG  -DNDEBUG   -Wl,--gc-sections -Wl,--as-needed -Wl,--no-undefined  CMakeFiles/cmTC_fcf92.dir/src.cxx.o -o cmTC_fcf92 
gmake[1]: Leaving directory '/home/edi/Desktop/Surveillance System/Webserver/build/CMakeFiles/CMakeTmp'


===== END =====

Determining if the include file sys/videoio.h exists failed with the following output:
Change Dir: /home/edi/Desktop/Surveillance System/Webserver/build/CMakeFiles/CMakeTmp

Run Build Command(s):/usr/bin/gmake cmTC_a2d99/fast && /usr/bin/gmake  -f CMakeFiles/cmTC_a2d99.dir/build.make CMakeFiles/cmTC_a2d99.dir/build
gmake[1]: Entering directory '/home/edi/Desktop/Surveillance System/Webserver/build/CMakeFiles/CMakeTmp'
Building C object CMakeFiles/cmTC_a2d99.dir/CheckIncludeFile.c.o
/usr/bin/cc   -fsigned-char -W -Wall -Wreturn-type -Waddress -Wsequence-point -Wformat -Wformat-security -Wmissing-declarations -Wmissing-prototypes -Wstrict-prototypes -Wundef -Winit-self -Wpointer-arith -Wshadow -Wuninitialized -Wno-psabi -Wno-comment -Wimplicit-fallthrough=3 -Wno-strict-overflow -fdiagnostics-show-option -pthread -fomit-frame-pointer -ffunction-sections -fdata-sections  -fvisibility=hidden  -O3 -DNDEBUG  -DNDEBUG -fPIE -o CMakeFiles/cmTC_a2d99.dir/CheckIncludeFile.c.o -c "/home/edi/Desktop/Surveillance System/Webserver/build/CMakeFiles/CMakeTmp/CheckIncludeFile.c"
/home/edi/Desktop/Surveillance System/Webserver/build/CMakeFiles/CMakeTmp/CheckIncludeFile.c:1:10: fatal error: sys/videoio.h: No such file or directory
    1 | #include <sys/videoio.h>
      |          ^~~~~~~~~~~~~~~
compilation terminated.
gmake[1]: *** [CMakeFiles/cmTC_a2d99.dir/build.make:85: CMakeFiles/cmTC_a2d99.dir/CheckIncludeFile.c.o] Error 1
gmake[1]: Leaving directory '/home/edi/Desktop/Surveillance System/Webserver/build/CMakeFiles/CMakeTmp'
gmake: *** [Makefile:140: cmTC_a2d99/fast] Error 2



Build output check failed:
    Regex: 'unrecognized .*option'
    Output line: 'cc1plus: note: unrecognized command-line option ‘-Wno-unused-private-field’ may have been intended to silence earlier diagnostics'
Compilation failed:
    source file: '/home/edi/Desktop/Surveillance System/Webserver/build/CMakeFiles/CMakeTmp/src.cxx'
    check option: ' -Wno-unused-private-field'
===== BUILD LOG =====
Change Dir: /home/edi/Desktop/Surveillance System/Webserver/build/CMakeFiles/CMakeTmp

Run Build Command(s):/usr/bin/gmake cmTC_06c3c/fast && /usr/bin/gmake  -f CMakeFiles/cmTC_06c3c.dir/build.make CMakeFiles/cmTC_06c3c.dir/build
gmake[1]: Entering directory '/home/edi/Desktop/Surveillance System/Webserver/build/CMakeFiles/CMakeTmp'
Building CXX object CMakeFiles/cmTC_06c3c.dir/src.cxx.o
/usr/bin/c++   -fsigned-char -W -Wall -Wreturn-type -Wnon-virtual-dtor -Waddress -Wsequence-point -Wformat -Wformat-security -Wmissing-declarations -Wundef -Winit-self -Wpointer-arith -Wshadow -Wsign-promo -Wuninitialized -Wno-psabi -Wsuggest-override -Wno-delete-non-virtual-dtor -Wno-comment -Wimplicit-fallthrough=3 -Wno-strict-overflow -fdiagnostics-show-option -pthread -fomit-frame-pointer -ffunction-sections -fdata-sections  -fvisibility=hidden -fvisibility-inlines-hidden -Wno-unused-function -Wno-deprecated-declarations -Wno-overloaded-virtual  -O3 -DNDEBUG  -DNDEBUG -fPIE    -Wno-unused-private-field -std=c++11 -o CMakeFiles/cmTC_06c3c.dir/src.cxx.o -c "/home/edi/Desktop/Surveillance System/Webserver/build/CMakeFiles/CMakeTmp/src.cxx"
/home/edi/Desktop/Surveillance System/Webserver/build/CMakeFiles/CMakeTmp/src.cxx:1: warning: ignoring ‘#pragma  ’ [-Wunknown-pragmas]
    1 | #pragma
      | 
cc1plus: note: unrecognized command-line option ‘-Wno-unused-private-field’ may have been intended to silence earlier diagnostics
Linking CXX executable cmTC_06c3c
/usr/bin/cmake -E cmake_link_script CMakeFiles/cmTC_06c3c.dir/link.txt --verbose=1
/usr/bin/c++    -fsigned-char -W -Wall -Wreturn-type -Wnon-virtual-dtor -Waddress -Wsequence-point -Wformat -Wformat-security -Wmissing-declarations -Wundef -Winit-self -Wpointer-arith -Wshadow -Wsign-promo -Wuninitialized -Wno-psabi -Wsuggest-override -Wno-delete-non-virtual-dtor -Wno-comment -Wimplicit-fallthrough=3 -Wno-strict-overflow -fdiagnostics-show-option -pthread -fomit-frame-pointer -ffunction-sections -fdata-sections  -fvisibility=hidden -fvisibility-inlines-hidden -Wno-unused-function -Wno-deprecated-declarations -Wno-overloaded-virtual  -O3 -DNDEBUG  -DNDEBUG   -Wl,--gc-sections -Wl,--as-needed -Wl,--no-undefined  CMakeFiles/cmTC_06c3c.dir/src.cxx.o -o cmTC_06c3c 
gmake[1]: Leaving directory '/home/edi/Desktop/Surveillance System/Webserver/build/CMakeFiles/CMakeTmp'


===== END =====

